<?xml version="1.0" ?>
<testsuite name="VisionAI_API_Tests" tests="21" errors="0" failures="4" skipped="0" time="5.424">
  <testcase classname="VisionAI_API_Tests" name="Vision_AI/SSCAPE/API/SCENE/01: Create scene with only required properties" time="0.077"/>
  <testcase classname="VisionAI_API_Tests" name="Vision_AI/SSCAPE/API/SCENE/02: Create scene with full valid payload" time="0.018">
    <failure message="Test failed"/>
  </testcase>
  <testcase classname="VisionAI_API_Tests" name="Vision_AI/SSCAPE/API/SCENE/03: Create scene with missing required name property" time="0.087">
    <failure message="Test failed"/>
  </testcase>
  <testcase classname="VisionAI_API_Tests" name="Vision_AI/SSCAPE/API/SCENE/04: Create scene with mesh_translation below min length" time="0.024"/>
  <testcase classname="VisionAI_API_Tests" name="Vision_AI/SSCAPE/API/SCENE/05: Create scene with mesh_rotation below min length" time="0.048"/>
  <testcase classname="VisionAI_API_Tests" name="Vision_AI/SSCAPE/API/SCENE/06: Create scene with mesh_scale below min length" time="0.044"/>
  <testcase classname="VisionAI_API_Tests" name="Vision_AI/SSCAPE/API/SCENE/07: Create scene with tracker_config below min length" time="0.043"/>
  <testcase classname="VisionAI_API_Tests" name="Vision_AI/SSCAPE/API/SCENE/08: Update scene with minimal valid payload" time="1.306"/>
  <testcase classname="VisionAI_API_Tests" name="Vision_AI/SSCAPE/API/SCENE/09: Update scene with full valid payload" time="1.139"/>
  <testcase classname="VisionAI_API_Tests" name="Vision_AI/SSCAPE/API/SCENE/10: Update scene with missing required body" time="1.088">
    <failure message="Test failed"/>
  </testcase>
  <testcase classname="VisionAI_API_Tests" name="Vision_AI/SSCAPE/API/SCENE/11: Update scene with mesh_translation below min length" time="0.074"/>
  <testcase classname="VisionAI_API_Tests" name="Vision_AI/SSCAPE/API/SCENE/12: Update scene with mesh_rotation below min length" time="0.060"/>
  <testcase classname="VisionAI_API_Tests" name="Vision_AI/SSCAPE/API/SCENE/13: Update scene with mesh_scale below min length" time="0.063"/>
  <testcase classname="VisionAI_API_Tests" name="Vision_AI/SSCAPE/API/SCENE/14: Update scene with tracker_config below min length" time="0.062"/>
  <testcase classname="VisionAI_API_Tests" name="Vision_AI/SSCAPE/API/SCENE/15: Update scene with read only uid property in body" time="0.015"/>
  <testcase classname="VisionAI_API_Tests" name="Vision_AI/SSCAPE/API/SCENE/16: Get scene by UID" time="0.046"/>
  <testcase classname="VisionAI_API_Tests" name="Vision_AI/SSCAPE/API/SCENE/17: Get non existent scene" time="0.005"/>
  <testcase classname="VisionAI_API_Tests" name="Vision_AI/SSCAPE/API/SCENE/18: Get all scenes" time="0.099">
    <failure message="Test failed"/>
  </testcase>
  <testcase classname="VisionAI_API_Tests" name="Vision_AI/SSCAPE/API/SCENE/19: Get child scenes" time="0.013"/>
  <testcase classname="VisionAI_API_Tests" name="Vision_AI/SSCAPE/API/SCENE/20: Delete scene by UID" time="1.100"/>
  <testcase classname="VisionAI_API_Tests" name="Vision_AI/SSCAPE/API/SCENE/21: Delete non existent scene" time="0.014"/>
</testsuite>